<?xml version="1.0" encoding="UTF-8"?>
<!-- Generated by org.testng.reporters.JUnitReportReporter -->
<testsuite hostname="DESKTOP-4V2B5VI" failures="0" tests="2" name="testClasses.VerifyUserCanGetLowestPriceProduct" time="13.890" errors="0" timestamp="2022-10-10T21:23:44 IST" skipped="0">
  <testcase classname="testClasses.VerifyUserCanGetLowestPriceProduct" name="VerifyUserCanSearchProduct" time="4.724"/>
  <system-out>
    <![CDATA[Test started
Test Passed]]>
  </system-out>
  <testcase classname="testClasses.VerifyUserCanGetLowestPriceProduct" name="VerifyUserCanGetLowestPriceProductFromEachPage" time="9.166"/>
  <system-out>
    <![CDATA[Test started
Test Passed]]>
  </system-out>
</testsuite> <!-- testClasses.VerifyUserCanGetLowestPriceProduct -->
